2026-03-01T12:19:31.541927562Z 2026/03/01 12:19:31 [INIT] [Listening on :7070]
2026-03-01T12:19:31.547198821Z 19
2026-03-01T12:19:31.554493923Z Waiting X server...
2026-03-01T12:19:31.648913950Z Logging to: /dev/null
2026-03-01T12:19:31.661454100Z Waiting X server...
2026-03-01T12:19:31.798296772Z Waiting X server...
2026-03-01T12:19:31.871770222Z Waiting X server...
2026-03-01T12:19:31.976512662Z Waiting X server...
2026-03-01T12:19:32.081428015Z Waiting X server...
2026-03-01T12:19:32.186342044Z Waiting X server...
2026-03-01T12:19:32.299923526Z Waiting X server...
2026-03-01T12:19:32.411469315Z Starting ChromeDriver 128.0.6613.18 (7d504c2c60ba3bbdebff568167eb7788205613a9-refs/branch-heads/6613@{#364}) on port 4444
2026-03-01T12:19:32.411538957Z All remote connections are allowed. Use an allowlist instead!
2026-03-01T12:19:32.411549619Z Please see https://chromedriver.chromium.org/security-considerations for suggestions on keeping ChromeDriver safe.
2026-03-01T12:19:32.411478936Z 
2026-03-01T12:19:32.411560128Z  --- x11vnc loop: 1 ---
2026-03-01T12:19:32.411563888Z 
2026-03-01T12:19:32.415557765Z ChromeDriver was started successfully on port 4444.
2026-03-01T12:19:32.912577354Z  --- x11vnc loop: waiting for: 90
2026-03-01T12:19:32.912613232Z 
2026-03-01T12:19:32.957941620Z PORT=5900
