2026-03-01T12:24:23.626992613Z 2026/03/01 12:24:23 [INIT] [Listening on :7070]
2026-03-01T12:24:23.642834157Z 19
2026-03-01T12:24:23.654563978Z Waiting X server...
2026-03-01T12:24:23.772100966Z Waiting X server...
2026-03-01T12:24:23.776816164Z Logging to: /dev/null
2026-03-01T12:24:23.879219007Z Waiting X server...
2026-03-01T12:24:23.984431975Z Waiting X server...
2026-03-01T12:24:24.090096947Z Waiting X server...
2026-03-01T12:24:24.248371277Z Waiting X server...
2026-03-01T12:24:24.353449046Z Waiting X server...
2026-03-01T12:24:24.457862542Z Waiting X server...
2026-03-01T12:24:24.569161812Z Starting ChromeDriver 128.0.6613.18 (7d504c2c60ba3bbdebff568167eb7788205613a9-refs/branch-heads/6613@{#364}) on port 4444
2026-03-01T12:24:24.569197936Z All remote connections are allowed. Use an allowlist instead!
2026-03-01T12:24:24.569202782Z Please see https://chromedriver.chromium.org/security-considerations for suggestions on keeping ChromeDriver safe.
2026-03-01T12:24:24.570713055Z 
2026-03-01T12:24:24.570742250Z  --- x11vnc loop: 1 ---
2026-03-01T12:24:24.570746688Z 
2026-03-01T12:24:24.572381430Z ChromeDriver was started successfully on port 4444.
2026-03-01T12:24:25.071332492Z  --- x11vnc loop: waiting for: 90
2026-03-01T12:24:25.071362438Z 
2026-03-01T12:24:25.115558572Z PORT=5900
