2026-03-01T12:22:16.897695817Z 2026/03/01 12:22:16 [INIT] [Listening on :7070]
2026-03-01T12:22:16.916608846Z 19
2026-03-01T12:22:16.926100514Z Waiting X server...
2026-03-01T12:22:17.054844805Z Waiting X server...
2026-03-01T12:22:17.058708170Z Logging to: /dev/null
2026-03-01T12:22:17.159702539Z Waiting X server...
2026-03-01T12:22:17.284264234Z Waiting X server...
2026-03-01T12:22:17.369103348Z Waiting X server...
2026-03-01T12:22:17.501019219Z Waiting X server...
2026-03-01T12:22:17.606028532Z Waiting X server...
2026-03-01T12:22:17.710967483Z Waiting X server...
2026-03-01T12:22:17.820875785Z Starting ChromeDriver 128.0.6613.18 (7d504c2c60ba3bbdebff568167eb7788205613a9-refs/branch-heads/6613@{#364}) on port 4444
2026-03-01T12:22:17.820909165Z All remote connections are allowed. Use an allowlist instead!
2026-03-01T12:22:17.820913348Z Please see https://chromedriver.chromium.org/security-considerations for suggestions on keeping ChromeDriver safe.
2026-03-01T12:22:17.823681391Z 
2026-03-01T12:22:17.823704383Z  --- x11vnc loop: 1 ---
2026-03-01T12:22:17.823709135Z 
2026-03-01T12:22:17.823869048Z ChromeDriver was started successfully on port 4444.
2026-03-01T12:22:18.324747079Z  --- x11vnc loop: waiting for: 89
2026-03-01T12:22:18.324774785Z 
2026-03-01T12:22:18.368891859Z PORT=5900
