2026-03-01T12:28:18.317545479Z 2026/03/01 12:28:18 [INIT] [Listening on :7070]
2026-03-01T12:28:18.324421279Z 19
2026-03-01T12:28:18.332657426Z Waiting X server...
2026-03-01T12:28:18.432961784Z Logging to: /dev/null
2026-03-01T12:28:18.441062495Z Waiting X server...
2026-03-01T12:28:18.601700549Z Waiting X server...
2026-03-01T12:28:18.651035391Z Waiting X server...
2026-03-01T12:28:18.755695101Z Waiting X server...
2026-03-01T12:28:18.897083078Z Waiting X server...
2026-03-01T12:28:19.001999210Z Waiting X server...
2026-03-01T12:28:19.106672500Z Waiting X server...
2026-03-01T12:28:19.216354585Z Starting ChromeDriver 128.0.6613.18 (7d504c2c60ba3bbdebff568167eb7788205613a9-refs/branch-heads/6613@{#364}) on port 4444
2026-03-01T12:28:19.216387353Z All remote connections are allowed. Use an allowlist instead!
2026-03-01T12:28:19.216391506Z Please see https://chromedriver.chromium.org/security-considerations for suggestions on keeping ChromeDriver safe.
2026-03-01T12:28:19.217542201Z 
2026-03-01T12:28:19.217577944Z  --- x11vnc loop: 1 ---
2026-03-01T12:28:19.217587010Z 
2026-03-01T12:28:19.219429812Z ChromeDriver was started successfully on port 4444.
2026-03-01T12:28:19.718153507Z  --- x11vnc loop: waiting for: 89
2026-03-01T12:28:19.718658301Z 
2026-03-01T12:28:19.768754766Z PORT=5900
