2026-03-01T12:32:55.820174499Z 2026/03/01 12:32:55 [INIT] [Listening on :7070]
2026-03-01T12:32:55.821116222Z 19
2026-03-01T12:32:55.828258866Z Waiting X server...
2026-03-01T12:32:55.911660693Z Logging to: /dev/null
2026-03-01T12:32:55.933073574Z Waiting X server...
2026-03-01T12:32:56.038128074Z Waiting X server...
2026-03-01T12:32:56.142876697Z Waiting X server...
2026-03-01T12:32:56.247617300Z Waiting X server...
2026-03-01T12:32:56.352362907Z Waiting X server...
2026-03-01T12:32:56.530241238Z Waiting X server...
2026-03-01T12:32:56.635503134Z Waiting X server...
2026-03-01T12:32:56.740284778Z Waiting X server...
2026-03-01T12:32:56.849202645Z Starting ChromeDriver 128.0.6613.18 (7d504c2c60ba3bbdebff568167eb7788205613a9-refs/branch-heads/6613@{#364}) on port 4444
2026-03-01T12:32:56.849239356Z All remote connections are allowed. Use an allowlist instead!
2026-03-01T12:32:56.849243383Z Please see https://chromedriver.chromium.org/security-considerations for suggestions on keeping ChromeDriver safe.
2026-03-01T12:32:56.851545313Z 
2026-03-01T12:32:56.851574692Z  --- x11vnc loop: 1 ---
2026-03-01T12:32:56.851578889Z 
2026-03-01T12:32:56.851912013Z ChromeDriver was started successfully on port 4444.
2026-03-01T12:32:57.352224226Z  --- x11vnc loop: waiting for: 91
2026-03-01T12:32:57.352255462Z 
2026-03-01T12:32:57.405225720Z PORT=5900
