12:03:27.397 [main] INFO  org.example.testng.FormTest - Start Before Method
12:07:23.066 [main] INFO  org.example.testng.FormTest - Start Before Method
12:11:53.195 [main] INFO  org.example.testng.FormTest - Start Before Method
12:14:06.306 [main] INFO  org.example.testng.FormTest - Start Test
12:14:32.822 [main] INFO  org.example.testng.FormTest - First Name set
12:14:37.182 [main] INFO  org.example.utils.Utils - Waiting with explicit wait: 10 seconds
12:14:42.301 [main] INFO  org.example.testng.FormTest - Finish Test
12:14:42.307 [main] INFO  org.example.testng.FormTest - Start After Method
12:56:30.077 [main] INFO  org.example.testng.FormTest - Start Before Method
12:56:32.564 [main] INFO  org.example.testng.FormTest - Start Test
12:56:40.814 [main] INFO  org.example.testng.FormTest - First Name set
12:56:45.095 [main] INFO  org.example.utils.Utils - Waiting with explicit wait: 10 seconds
12:56:50.713 [main] INFO  org.example.testng.FormTest - Finish Test
12:56:50.718 [main] INFO  org.example.testng.FormTest - Start After Method
12:57:15.992 [main] INFO  org.example.testng.FormTest - Start Before Method
12:57:18.080 [main] INFO  org.example.testng.FormTest - Start Test
12:57:26.044 [main] INFO  org.example.testng.FormTest - First Name set
12:57:30.601 [main] INFO  org.example.utils.Utils - Waiting with explicit wait: 10 seconds
12:57:35.710 [main] INFO  org.example.testng.FormTest - Finish Test
12:57:35.716 [main] INFO  org.example.testng.FormTest - Start After Method
13:07:28.628 [main] INFO  org.example.testng.FormTest - Start Before Method
13:07:30.085 [main] INFO  org.example.testng.FormTest - Start Test
13:07:37.477 [main] INFO  org.example.testng.FormTest - First Name set
13:07:39.339 [main] INFO  org.example.testng.FormTest - Start After Method
13:08:46.602 [main] INFO  org.example.testng.FormTest - Start Before Method
13:08:47.742 [main] INFO  org.example.testng.FormTest - Start Test
13:08:55.966 [main] INFO  org.example.testng.FormTest - First Name set
13:08:59.453 [main] INFO  org.example.utils.Utils - Waiting with explicit wait: 10 seconds
13:09:04.542 [main] INFO  org.example.testng.FormTest - Finish Test
13:09:04.546 [main] INFO  org.example.testng.FormTest - Start After Method
13:34:07.019 [main] INFO  org.example.testng.FormTest - Start Before Method
13:34:10.855 [main] INFO  org.example.testng.FormTest - Start Test
13:34:17.724 [main] INFO  org.example.testng.FormTest - First Name set
13:34:21.975 [main] INFO  org.example.utils.Utils - Waiting with explicit wait: 10 seconds
13:34:27.630 [main] INFO  org.example.testng.FormTest - Finish Test
13:34:27.637 [main] INFO  org.example.testng.FormTest - Start After Method
